<?xml version="1.0" encoding="UTF-8"?>
<testsuite name="client.Test" tests="4" skipped="0" failures="0" errors="0" timestamp="2016-11-07T21:36:11" hostname="Host3234" time="0.002">
  <properties/>
  <testcase name="TestCesearCryptPositive" classname="client.Test" time="0.001"/>
  <testcase name="TestCesearCryptNegative" classname="client.Test" time="0.0"/>
  <testcase name="TestCesearDecryptPositive" classname="client.Test" time="0.0"/>
  <testcase name="TestCesearDecryptNegative" classname="client.Test" time="0.0"/>
  <system-out><![CDATA[]]></system-out>
  <system-err><![CDATA[]]></system-err>
</testsuite>
